2025-12-22 11:21:34,955 [INFO] [INICIO] El módulo ate_topicos_1.py fue importado y logger configurado.
2025-12-22 11:21:37,190 [INFO] [INICIO] El módulo ate_topicos_1.py fue importado y logger configurado.
2025-12-22 11:23:27,879 [INFO] [INICIO] El módulo ate_topicos_1.py fue importado y logger configurado.
2025-12-22 11:23:27,880 [DEBUG] Database engine created successfully.
2025-12-22 11:23:37,744 [INFO] [INICIO] El módulo ate_topicos_1.py fue importado y logger configurado.
2025-12-22 11:23:39,949 [INFO] [INICIO] El módulo ate_topicos_1.py fue importado y logger configurado.
2025-12-22 11:29:28,673 [INFO] [INICIO] El módulo ate_topicos_1.py fue importado y logger configurado.
2025-12-22 11:32:09,272 [INFO] [INICIO] El módulo ate_topicos_1.py fue importado y logger configurado.
2025-12-22 11:32:11,586 [INFO] [INICIO] El módulo ate_topicos_1.py fue importado y logger configurado.
2025-12-22 11:42:48,993 [INFO] [INICIO] El módulo ate_topicos_1.py fue importado y logger configurado.
2025-12-22 11:42:51,292 [INFO] [INICIO] El módulo ate_topicos_1.py fue importado y logger configurado.
2025-12-22 11:47:44,716 [INFO] [INICIO] El módulo ate_topicos_1.py fue importado y logger configurado.
2025-12-22 11:50:35,819 [INFO] [INICIO] El módulo ate_topicos_1.py fue importado y logger configurado.
2025-12-22 11:54:13,025 [INFO] [INICIO] El módulo ate_topicos_1.py fue importado y logger configurado.
2025-12-22 11:54:39,931 [INFO] [CALL] update_page_content(codcas=001, search=?periodo=01) ejecutado
2025-12-22 11:54:39,931 [INFO] [CALL] create_connection() ejecutado
2025-12-22 11:54:39,932 [DEBUG] Database engine created successfully.
2025-12-22 11:54:55,956 [DEBUG] Query executed successfully, retrieved 800 records.
2025-12-22 11:54:55,994 [DEBUG] DataFrame head:
  cod_centro periodo cod_topico                topico_essi  ...    topico_ses cod_diagnostico                                            diagdes cod_prioridad_n
0        001  202501         07               SHOCK TRAUMA  ...  Shock trauma           I47.1                       TAQUICARDIA SUPRAVENTRICULAR               1
1        001  202501         07               SHOCK TRAUMA  ...  Shock trauma             I48                     FIBRILACION Y ALETEO AURICULAR               1
2        001  202501         07               SHOCK TRAUMA  ...  Shock trauma           J18.9                          NEUMONIA, NO ESPECIFICADA               1
3        001  202501         07               SHOCK TRAUMA  ...  Shock trauma           S21.1              HERIDA DE LA PARED ANTERIOR DEL TORAX               1
4        001  202501         07               SHOCK TRAUMA  ...  Shock trauma           J96.0                   INSUFICIENCIA RESPIRATORIA AGUDA               1
5        001  202501         I8  TRAUMA SHOCK 1 (NO COVID)  ...  Shock trauma           D69.6                    TROMBOCITOPENIA NO ESPECIFICADA               1
6        001  202501         07               SHOCK TRAUMA  ...  Shock trauma           T31.2  QUEMADURAS QUE AFECTAN DEL 20 AL 29% DE LA SUP...               1
7        001  202501         07               SHOCK TRAUMA  ...  Shock trauma           T00.9  TRAUMATISMOS SUPERFICIALES MULTIPLES, NO ESPEC...               1
8        001  202501         07               SHOCK TRAUMA  ...  Shock trauma           S09.9          TRAUMATISMO DE LA CABEZA, NO ESPECIFICADO               1
9        001  202501         07               SHOCK TRAUMA  ...  Shock trauma           G93.4                      ENCEFALOPATIA NO ESPECIFICADA               1

[10 rows x 17 columns]
2025-12-22 11:54:55,994 [DEBUG] DataFrame shape: (800, 17)
2025-12-22 11:54:55,994 [DEBUG] DataFrame columns: ['cod_centro', 'periodo', 'cod_topico', 'topico_essi', 'acto_med', 'fecha_aten', 'hora_aten', 'cod_tipo_paciente', 'tipopacinom', 'cod_prioridad', 'cod_emergencia', 'secuen_aten', 'cod_estandar', 'topico_ses', 'cod_diagnostico', 'diagdes', 'cod_prioridad_n']
2025-12-22 11:54:56,003 [DEBUG] diag_df after groupby:
                                          diagdes  Atenciones
149              INSUFICIENCIA RESPIRATORIA AGUDA          77
151   INSUFICIENCIA RESPIRATORIA, NO ESPECIFICADA          38
67             DOLOR EN EL PECHO, NO ESPECIFICADO          29
139             INFARTO CEREBRAL, NO ESPECIFICADO          26
135                  HIPOTENSION, NO ESPECIFICADA          24
82                  ENCEFALOPATIA NO ESPECIFICADA          22
99                                ESTADO ASMATICO          22
105                FIBRILACION Y ALETEO AURICULAR          21
197                   SEPTICEMIA, NO ESPECIFICADA          19
118  HEMORRAGIA GASTROINTESTINAL, NO ESPECIFICADA          19
2025-12-22 11:54:56,118 [DEBUG] Mostrando 10 diagnósticos principales de un total de 800 atenciones.
2025-12-22 11:55:35,136 [INFO] [INICIO] El módulo ate_topicos_1.py fue importado y logger configurado.
2025-12-22 11:56:01,468 [INFO] [CALL] update_page_content(codcas=001, search=?periodo=01) ejecutado
2025-12-22 11:56:01,468 [INFO] [CALL] create_connection() ejecutado
2025-12-22 11:56:01,468 [DEBUG] Database engine created successfully.
2025-12-22 11:56:14,165 [DEBUG] Query executed successfully, retrieved 800 records.
2025-12-22 11:56:14,177 [DEBUG] DataFrame head:
  cod_centro periodo cod_topico                topico_essi  ...    topico_ses cod_diagnostico                                            diagdes cod_prioridad_n
0        001  202501         07               SHOCK TRAUMA  ...  Shock trauma           I47.1                       TAQUICARDIA SUPRAVENTRICULAR               1
1        001  202501         07               SHOCK TRAUMA  ...  Shock trauma             I48                     FIBRILACION Y ALETEO AURICULAR               1
2        001  202501         07               SHOCK TRAUMA  ...  Shock trauma           J84.9  ENFERMEDAD PULMONAR INTERSTICIAL, NO ESPECIFICADA               1
3        001  202501         07               SHOCK TRAUMA  ...  Shock trauma           S21.1              HERIDA DE LA PARED ANTERIOR DEL TORAX               1
4        001  202501         07               SHOCK TRAUMA  ...  Shock trauma           J96.0                   INSUFICIENCIA RESPIRATORIA AGUDA               1
5        001  202501         I8  TRAUMA SHOCK 1 (NO COVID)  ...  Shock trauma           D69.6                    TROMBOCITOPENIA NO ESPECIFICADA               1
6        001  202501         07               SHOCK TRAUMA  ...  Shock trauma           J96.9        INSUFICIENCIA RESPIRATORIA, NO ESPECIFICADA               1
7        001  202501         07               SHOCK TRAUMA  ...  Shock trauma           T00.9  TRAUMATISMOS SUPERFICIALES MULTIPLES, NO ESPEC...               1
8        001  202501         07               SHOCK TRAUMA  ...  Shock trauma           S09.9          TRAUMATISMO DE LA CABEZA, NO ESPECIFICADO               1
9        001  202501         07               SHOCK TRAUMA  ...  Shock trauma           G93.4                      ENCEFALOPATIA NO ESPECIFICADA               1

[10 rows x 17 columns]
2025-12-22 11:56:14,177 [DEBUG] DataFrame shape: (800, 17)
2025-12-22 11:56:14,177 [DEBUG] DataFrame columns: ['cod_centro', 'periodo', 'cod_topico', 'topico_essi', 'acto_med', 'fecha_aten', 'hora_aten', 'cod_tipo_paciente', 'tipopacinom', 'cod_prioridad', 'cod_emergencia', 'secuen_aten', 'cod_estandar', 'topico_ses', 'cod_diagnostico', 'diagdes', 'cod_prioridad_n']
2025-12-22 11:56:14,182 [DEBUG] diag_df after groupby:
                                               diagdes  Atenciones
143                   INSUFICIENCIA RESPIRATORIA AGUDA          84
145        INSUFICIENCIA RESPIRATORIA, NO ESPECIFICADA          34
61                  DOLOR EN EL PECHO, NO ESPECIFICADO          30
75                       ENCEFALOPATIA NO ESPECIFICADA          27
130                       HIPOTENSION, NO ESPECIFICADA          27
133                  INFARTO CEREBRAL, NO ESPECIFICADO          27
94                                     ESTADO ASMATICO          22
190                        SEPTICEMIA, NO ESPECIFICADA          19
2    ACCIDENTE VASCULAR ENCEFALICO AGUDO, NO ESPECI...          17
92                     EPILEPSIA, TIPO NO ESPECIFICADO          16
2025-12-22 11:56:14,277 [DEBUG] Mostrando 10 diagnósticos principales de un total de 800 atenciones.
2025-12-22 11:58:06,376 [INFO] [INICIO] El módulo ate_topicos_1.py fue importado y logger configurado.
2025-12-22 11:58:35,899 [INFO] [INICIO] El módulo ate_topicos_1.py fue importado y logger configurado.
2025-12-22 12:00:56,820 [INFO] [INICIO] El módulo ate_topicos_1.py fue importado y logger configurado.
2025-12-22 12:01:30,861 [INFO] [INICIO] El módulo ate_topicos_1.py fue importado y logger configurado.
2025-12-22 12:04:18,754 [INFO] [INICIO] El módulo ate_topicos_1.py fue importado y logger configurado.
2025-12-22 12:04:46,483 [INFO] [INICIO] El módulo ate_topicos_1.py fue importado y logger configurado.
2025-12-22 12:07:54,862 [INFO] [CALL] update_page_content(codcas=001, search=?periodo=01) ejecutado
2025-12-22 12:07:54,862 [INFO] [CALL] create_connection() ejecutado
2025-12-22 12:07:54,862 [DEBUG] Database engine created successfully.
2025-12-22 12:08:11,757 [DEBUG] Query executed successfully, retrieved 800 records.
2025-12-22 12:08:11,780 [DEBUG] DataFrame head:
  cod_centro periodo cod_topico                topico_essi    acto_med  fecha_aten  ... secuen_aten cod_estandar    topico_ses cod_diagnostico                                            diagdes cod_prioridad_n
0        001  202501         07               SHOCK TRAUMA  17175379.0  01-01-2025  ...           1           04  Shock trauma           I47.1                       TAQUICARDIA SUPRAVENTRICULAR               1
1        001  202501         07               SHOCK TRAUMA  17175398.0  01-01-2025  ...           1           04  Shock trauma             I48                     FIBRILACION Y ALETEO AURICULAR               1
2        001  202501         07               SHOCK TRAUMA  17175419.0  01-01-2025  ...           4           04  Shock trauma           J18.9                          NEUMONIA, NO ESPECIFICADA               1
3        001  202501         07               SHOCK TRAUMA  17175423.0  01-01-2025  ...           1           04  Shock trauma           J96.0                   INSUFICIENCIA RESPIRATORIA AGUDA               1
4        001  202501         07               SHOCK TRAUMA  17175425.0  01-01-2025  ...           2           04  Shock trauma           N18.9          ENFERMEDAD RENAL CRONICA, NO ESPECIFICADA               1
5        001  202501         I8  TRAUMA SHOCK 1 (NO COVID)  17175482.0  01-01-2025  ...           1           04  Shock trauma           D69.3                PURPURA TROMBOCITOPENICA IDIOPATICA               1
6        001  202501         07               SHOCK TRAUMA  17175490.0  01-01-2025  ...           1           04  Shock trauma           T31.2  QUEMADURAS QUE AFECTAN DEL 20 AL 29% DE LA SUP...               1
7        001  202501         07               SHOCK TRAUMA  17175491.0  01-01-2025  ...           1           04  Shock trauma           R52.0                                        DOLOR AGUDO               1
8        001  202501         07               SHOCK TRAUMA  17175494.0  01-01-2025  ...           2           04  Shock trauma           S09.9          TRAUMATISMO DE LA CABEZA, NO ESPECIFICADO               1
9        001  202501         07               SHOCK TRAUMA  17175560.0  01-01-2025  ...           1           04  Shock trauma           G93.4                      ENCEFALOPATIA NO ESPECIFICADA               1

[10 rows x 17 columns]
2025-12-22 12:08:11,781 [DEBUG] DataFrame shape: (800, 17)
2025-12-22 12:08:11,781 [DEBUG] DataFrame columns: ['cod_centro', 'periodo', 'cod_topico', 'topico_essi', 'acto_med', 'fecha_aten', 'hora_aten', 'cod_tipo_paciente', 'tipopacinom', 'cod_prioridad', 'cod_emergencia', 'secuen_aten', 'cod_estandar', 'topico_ses', 'cod_diagnostico', 'diagdes', 'cod_prioridad_n']
2025-12-22 12:08:11,785 [DEBUG] diag_df after groupby:
                                               diagdes  Atenciones
150                   INSUFICIENCIA RESPIRATORIA AGUDA          78
152        INSUFICIENCIA RESPIRATORIA, NO ESPECIFICADA          36
136                       HIPOTENSION, NO ESPECIFICADA          29
139                  INFARTO CEREBRAL, NO ESPECIFICADO          28
64                  DOLOR EN EL PECHO, NO ESPECIFICADO          28
98                                     ESTADO ASMATICO          26
82                       ENCEFALOPATIA NO ESPECIFICADA          25
1    ACCIDENTE VASCULAR ENCEFALICO AGUDO, NO ESPECI...          19
103                     FIBRILACION Y ALETEO AURICULAR          18
97                     EPILEPSIA, TIPO NO ESPECIFICADO          16
2025-12-22 12:08:11,971 [DEBUG] Mostrando 10 diagnósticos principales de un total de 800 atenciones.
